data\images\maps\canal2.bmp,f402c19d5f9ce663885d4cd144c78689
data\images\maps\gob_rats.bmp,ae4411c6d75153d7a1944121c827b4ff
data\images\maps\mp_breakout.bmp,1e0070239862c0bba347860bb744162c
data\images\maps\mp_brecourt.bmp,b77b52f79a56a966dd7db73db1ff7b27
data\images\maps\mp_bridge.bmp,5c35c12fce0806ad4011d6afa52edef4
data\images\maps\mp_burgundy.bmp,e88e95d1e0e6f6f5090ee14d47ac96b1
data\images\maps\mp_carentan.bmp,cdaa794b1c6334d7706ddcd900e8aa1e
data\images\maps\mp_dawnville.bmp,b3d865466e3b101f5755e05ed65eb7d7
data\images\maps\mp_decoy.bmp,e4323a4a93f931278e80f3a247f6e0bb
data\images\maps\mp_depot.bmp,88f90400b4abaf633fb1dffce553b08c
data\images\maps\mp_downtown.bmp,c60b2c05a5b75139893aadc19904cf01
data\images\maps\mp_farao.bmp,b2c0279e1cd958747ea20b8fc38300af
data\images\maps\mp_farmhouse.bmp,d6305c6134b6061db4b4eaada4b35f1f
data\images\maps\mp_harbor.bmp,f7761f486e4621be868dbf1bdc4d03a7
data\images\maps\mp_industry.bmp,d32cebbbaa83cc3196383a1c892c3ce4
data\images\maps\mp_izmir.bmp,991a600f8b72587765efaea4616995ef
data\images\maps\mp_kemptown.bmp,1c53d23362c1f25d38355018a3d097df
data\images\maps\mp_leningrad.bmp,032cb25e9493cbdd1d2a54b4ce03ba3c
data\images\maps\mp_matmata.bmp,eb56df9a3c113b17c8500b7f6706fa87
data\images\maps\mp_naout.bmp,0dfa4ca0f8b1d296de4ad62065bf59c1
data\images\maps\mp_ohmy_marrakesh.bmp,3d8d3e7f0f6a419d226233aaa94ad0db
data\images\maps\mp_railyard.bmp,457fe8d98d1368805bbe82aa89dde963
data\images\maps\mp_rhine.bmp,88073bf886088fa253bcd0901ca82707
data\images\maps\mp_rouen.bmp,e6501c024b0b46a95e265d95c91148d4
data\images\maps\mp_saint_lo.bmp,214c231733b90b472ffe9cc2ddc9dfd8
data\images\maps\mp_shipment.bmp,88c880dfdd5a83e897d45f127473775e
data\images\maps\mp_tigertown.bmp,bda0cc40b274668568e673f4022814bc
data\images\maps\mp_tobruk.bmp,78bd2cbe5e83e2fc24b3b29b98c90422
data\images\maps\mp_toujane.bmp,ccdbcdb044ef9495fd3e4b13678adb50
data\images\maps\mp_trainstation.bmp,9b28dde139e9560a03e56dac9a49b5cc
data\images\maps\mp_tripoli.bmp,db6d11a289bed459bda2256a77338ed8
data\images\maps\mp_tuscany.bmp,da778fd5e0b7bb592715b9ace6eada14
data\images\maps\nomap.bmp,29277e41fba7f3d8a79e2d3e2f5251c1